A51 MACRO ASSEMBLER  FLASH_W                                                              09/09/2021 09:00:00 PAGE     1


MACRO ASSEMBLER A51 V8.02b
OBJECT MODULE PLACED IN flash_w.OBJ
ASSEMBLER INVOKED BY: C:\Keil\C51\BIN\A51.EXE flash_w.a51 SET(LARGE) DEBUG EP

LOC  OBJ            LINE     SOURCE

                       1     ; flash_w.a51 generated from: software\rqdy2.c 
                       2     ; COMPILER INVOKED BY:
                       3     ;        d:\Keil\C51\BIN\C51.EXE software\rqdy2.c BROWSE MODP2 DEBUG OBJECTEXTEND PRINT(.\r
                             qdy2.lst) OBJECT(rqdy2.obj)
                       4     
                       5     
                       6     NAME    RQDY2
                       7     
                       8     ?PR?tzd?RQDY2        SEGMENT CODE 
                       9             PUBLIC  tzd
                      10     
                      11     ; void tzd(void)
                      12     
----                  13             RSEG  ?PR?tzd?RQDY2
0000 32               14     tzd:    RETI    
                      15     
                      16             END
A51 MACRO ASSEMBLER  FLASH_W                                                              09/09/2021 09:00:00 PAGE     2

SYMBOL TABLE LISTING
------ ----- -------


N A M E             T Y P E  V A L U E   ATTRIBUTES

?PR?TZD?RQDY2. . .  C SEG    0001H       REL=UNIT
RQDY2. . . . . . .  N NUMB   -----       
TZD. . . . . . . .  C ADDR   0000H   R   SEG=?PR?TZD?RQDY2


REGISTER BANK(S) USED: 0 


ASSEMBLY COMPLETE.  0 WARNING(S), 0 ERROR(S)
